<?xml version="1.0" encoding="UTF-8"?>
<!-- Generated by org.testng.reporters.JUnitReportReporter -->
<testsuite hostname="Kristi-??" name="com.gl.joinnowpageobject.JoinNowTest" tests="3" failures="0" timestamp="8 Feb 2016 22:08:01 GMT" time="59.910" errors="0">
  <testcase name="testUsernameError" time="15.505" classname="com.gl.joinnowpageobject.JoinNowTest"/>
  <testcase name="testMobileError" time="15.570" classname="com.gl.joinnowpageobject.JoinNowTest"/>
  <testcase name="testEmailError" time="28.835" classname="com.gl.joinnowpageobject.JoinNowTest"/>
</testsuite> <!-- com.gl.joinnowpageobject.JoinNowTest -->
